---------- Date: 2014-02-13 00:29:12 ~ IP : 66.249.66.69 ----------
REQUEST URI : /index.php?route=product/product&amp;product_id=121
MOD DETAILS:
   modFile   : /home/webuser/helloworld/htdocs/vqmod/xml/opencartmy_payment_notification_form.xml
   id        : Payment Notification Form for Bank Transfer
   version   : 1.2
   vqmver    : 2.4.1
   author    : opencartmy@gmail.com

File Name    : catalog/view/theme/*/template/common/footer.tpl(0)
VQModObject::applyMod - SEARCH NOT FOUND (ABORTING MOD): <li><a href="<?php echo $contact; ?>"><?php echo $text_contact; ?></a></li>
----------------------------------------------------------------------


---------- Date: 2014-02-13 01:17:44 ~ IP : 208.43.252.200 ----------
REQUEST URI : /index.php?amp;path=65
MOD DETAILS:
   modFile   : /home/webuser/helloworld/htdocs/vqmod/xml/opencartmy_payment_notification_form.xml
   id        : Payment Notification Form for Bank Transfer
   version   : 1.2
   vqmver    : 2.4.1
   author    : opencartmy@gmail.com

File Name    : catalog/view/theme/*/template/common/footer.tpl(0)
VQModObject::applyMod - SEARCH NOT FOUND (ABORTING MOD): <li><a href="<?php echo $contact; ?>"><?php echo $text_contact; ?></a></li>
----------------------------------------------------------------------


---------- Date: 2014-02-13 01:17:53 ~ IP : 208.43.252.200 ----------
REQUEST URI : /index.php?amp;path=60
MOD DETAILS:
   modFile   : /home/webuser/helloworld/htdocs/vqmod/xml/opencartmy_payment_notification_form.xml
   id        : Payment Notification Form for Bank Transfer
   version   : 1.2
   vqmver    : 2.4.1
   author    : opencartmy@gmail.com

File Name    : catalog/view/theme/*/template/common/footer.tpl(0)
VQModObject::applyMod - SEARCH NOT FOUND (ABORTING MOD): <li><a href="<?php echo $contact; ?>"><?php echo $text_contact; ?></a></li>
----------------------------------------------------------------------


---------- Date: 2014-02-13 01:18:03 ~ IP : 208.43.252.200 ----------
REQUEST URI : /index.php?amp;path=59
MOD DETAILS:
   modFile   : /home/webuser/helloworld/htdocs/vqmod/xml/opencartmy_payment_notification_form.xml
   id        : Payment Notification Form for Bank Transfer
   version   : 1.2
   vqmver    : 2.4.1
   author    : opencartmy@gmail.com

File Name    : catalog/view/theme/*/template/common/footer.tpl(0)
VQModObject::applyMod - SEARCH NOT FOUND (ABORTING MOD): <li><a href="<?php echo $contact; ?>"><?php echo $text_contact; ?></a></li>
----------------------------------------------------------------------


---------- Date: 2014-02-13 01:18:12 ~ IP : 208.43.252.200 ----------
REQUEST URI : /index.php
MOD DETAILS:
   modFile   : /home/webuser/helloworld/htdocs/vqmod/xml/opencartmy_payment_notification_form.xml
   id        : Payment Notification Form for Bank Transfer
   version   : 1.2
   vqmver    : 2.4.1
   author    : opencartmy@gmail.com

File Name    : catalog/view/theme/*/template/common/footer.tpl(0)
VQModObject::applyMod - SEARCH NOT FOUND (ABORTING MOD): <li><a href="<?php echo $contact; ?>"><?php echo $text_contact; ?></a></li>
----------------------------------------------------------------------


---------- Date: 2014-02-13 01:22:52 ~ IP : 64.74.215.143 ----------
REQUEST URI : /
MOD DETAILS:
   modFile   : /home/webuser/helloworld/htdocs/vqmod/xml/opencartmy_payment_notification_form.xml
   id        : Payment Notification Form for Bank Transfer
   version   : 1.2
   vqmver    : 2.4.1
   author    : opencartmy@gmail.com

File Name    : catalog/view/theme/*/template/common/footer.tpl(0)
VQModObject::applyMod - SEARCH NOT FOUND (ABORTING MOD): <li><a href="<?php echo $contact; ?>"><?php echo $text_contact; ?></a></li>
----------------------------------------------------------------------


---------- Date: 2014-02-13 01:28:26 ~ IP : 66.249.66.69 ----------
REQUEST URI : /index.php?route=product/category&amp;path=60
MOD DETAILS:
   modFile   : /home/webuser/helloworld/htdocs/vqmod/xml/opencartmy_payment_notification_form.xml
   id        : Payment Notification Form for Bank Transfer
   version   : 1.2
   vqmver    : 2.4.1
   author    : opencartmy@gmail.com

File Name    : catalog/view/theme/*/template/common/footer.tpl(0)
VQModObject::applyMod - SEARCH NOT FOUND (ABORTING MOD): <li><a href="<?php echo $contact; ?>"><?php echo $text_contact; ?></a></li>
----------------------------------------------------------------------


---------- Date: 2014-02-13 01:57:24 ~ IP : 66.249.66.69 ----------
REQUEST URI : /index.php?route=product/category&amp;path=79
MOD DETAILS:
   modFile   : /home/webuser/helloworld/htdocs/vqmod/xml/opencartmy_payment_notification_form.xml
   id        : Payment Notification Form for Bank Transfer
   version   : 1.2
   vqmver    : 2.4.1
   author    : opencartmy@gmail.com

File Name    : catalog/view/theme/*/template/common/footer.tpl(0)
VQModObject::applyMod - SEARCH NOT FOUND (ABORTING MOD): <li><a href="<?php echo $contact; ?>"><?php echo $text_contact; ?></a></li>
----------------------------------------------------------------------


---------- Date: 2014-02-13 02:37:21 ~ IP : 210.22.154.78 ----------
REQUEST URI : /
MOD DETAILS:
   modFile   : /home/webuser/helloworld/htdocs/vqmod/xml/opencartmy_payment_notification_form.xml
   id        : Payment Notification Form for Bank Transfer
   version   : 1.2
   vqmver    : 2.4.1
   author    : opencartmy@gmail.com

File Name    : catalog/view/theme/*/template/common/footer.tpl(0)
VQModObject::applyMod - SEARCH NOT FOUND (ABORTING MOD): <li><a href="<?php echo $contact; ?>"><?php echo $text_contact; ?></a></li>
----------------------------------------------------------------------


---------- Date: 2014-02-13 02:41:28 ~ IP : 120.198.124.121 ----------
REQUEST URI : /
MOD DETAILS:
   modFile   : /home/webuser/helloworld/htdocs/vqmod/xml/opencartmy_payment_notification_form.xml
   id        : Payment Notification Form for Bank Transfer
   version   : 1.2
   vqmver    : 2.4.1
   author    : opencartmy@gmail.com

File Name    : catalog/view/theme/*/template/common/footer.tpl(0)
VQModObject::applyMod - SEARCH NOT FOUND (ABORTING MOD): <li><a href="<?php echo $contact; ?>"><?php echo $text_contact; ?></a></li>
----------------------------------------------------------------------


---------- Date: 2014-02-13 02:47:23 ~ IP : 121.123.135.93 ----------
REQUEST URI : /?route=information/media
MOD DETAILS:
   modFile   : /home/webuser/helloworld/htdocs/vqmod/xml/opencartmy_payment_notification_form.xml
   id        : Payment Notification Form for Bank Transfer
   version   : 1.2
   vqmver    : 2.4.1
   author    : opencartmy@gmail.com

File Name    : catalog/view/theme/*/template/common/footer.tpl(0)
VQModObject::applyMod - SEARCH NOT FOUND (ABORTING MOD): <li><a href="<?php echo $contact; ?>"><?php echo $text_contact; ?></a></li>
----------------------------------------------------------------------


---------- Date: 2014-02-13 02:50:05 ~ IP : 121.123.135.93 ----------
REQUEST URI : /
MOD DETAILS:
   modFile   : /home/webuser/helloworld/htdocs/vqmod/xml/opencartmy_payment_notification_form.xml
   id        : Payment Notification Form for Bank Transfer
   version   : 1.2
   vqmver    : 2.4.1
   author    : opencartmy@gmail.com

File Name    : catalog/view/theme/*/template/common/footer.tpl(0)
VQModObject::applyMod - SEARCH NOT FOUND (ABORTING MOD): <li><a href="<?php echo $contact; ?>"><?php echo $text_contact; ?></a></li>
----------------------------------------------------------------------


---------- Date: 2014-02-13 02:50:07 ~ IP : 121.123.135.93 ----------
REQUEST URI : /
MOD DETAILS:
   modFile   : /home/webuser/helloworld/htdocs/vqmod/xml/opencartmy_payment_notification_form.xml
   id        : Payment Notification Form for Bank Transfer
   version   : 1.2
   vqmver    : 2.4.1
   author    : opencartmy@gmail.com

File Name    : catalog/view/theme/*/template/common/footer.tpl(0)
VQModObject::applyMod - SEARCH NOT FOUND (ABORTING MOD): <li><a href="<?php echo $contact; ?>"><?php echo $text_contact; ?></a></li>
----------------------------------------------------------------------


---------- Date: 2014-02-13 02:50:20 ~ IP : 121.123.135.93 ----------
REQUEST URI : /index.php?route=product/category&amp;path=65
MOD DETAILS:
   modFile   : /home/webuser/helloworld/htdocs/vqmod/xml/opencartmy_payment_notification_form.xml
   id        : Payment Notification Form for Bank Transfer
   version   : 1.2
   vqmver    : 2.4.1
   author    : opencartmy@gmail.com

File Name    : catalog/view/theme/*/template/common/footer.tpl(0)
VQModObject::applyMod - SEARCH NOT FOUND (ABORTING MOD): <li><a href="<?php echo $contact; ?>"><?php echo $text_contact; ?></a></li>
----------------------------------------------------------------------


---------- Date: 2014-02-13 02:50:28 ~ IP : 121.123.135.93 ----------
REQUEST URI : /index.php?route=product/product&amp;path=65&amp;product_id=148
MOD DETAILS:
   modFile   : /home/webuser/helloworld/htdocs/vqmod/xml/opencartmy_payment_notification_form.xml
   id        : Payment Notification Form for Bank Transfer
   version   : 1.2
   vqmver    : 2.4.1
   author    : opencartmy@gmail.com

File Name    : catalog/view/theme/*/template/common/footer.tpl(0)
VQModObject::applyMod - SEARCH NOT FOUND (ABORTING MOD): <li><a href="<?php echo $contact; ?>"><?php echo $text_contact; ?></a></li>
----------------------------------------------------------------------


---------- Date: 2014-02-13 02:50:55 ~ IP : 121.123.135.93 ----------
REQUEST URI : /index.php?route=product/category&amp;path=65
MOD DETAILS:
   modFile   : /home/webuser/helloworld/htdocs/vqmod/xml/opencartmy_payment_notification_form.xml
   id        : Payment Notification Form for Bank Transfer
   version   : 1.2
   vqmver    : 2.4.1
   author    : opencartmy@gmail.com

File Name    : catalog/view/theme/*/template/common/footer.tpl(0)
VQModObject::applyMod - SEARCH NOT FOUND (ABORTING MOD): <li><a href="<?php echo $contact; ?>"><?php echo $text_contact; ?></a></li>
----------------------------------------------------------------------


---------- Date: 2014-02-13 02:51:08 ~ IP : 121.123.135.93 ----------
REQUEST URI : /index.php?route=product/product&amp;path=65&amp;product_id=78
MOD DETAILS:
   modFile   : /home/webuser/helloworld/htdocs/vqmod/xml/opencartmy_payment_notification_form.xml
   id        : Payment Notification Form for Bank Transfer
   version   : 1.2
   vqmver    : 2.4.1
   author    : opencartmy@gmail.com

File Name    : catalog/view/theme/*/template/common/footer.tpl(0)
VQModObject::applyMod - SEARCH NOT FOUND (ABORTING MOD): <li><a href="<?php echo $contact; ?>"><?php echo $text_contact; ?></a></li>
----------------------------------------------------------------------


---------- Date: 2014-02-13 02:51:29 ~ IP : 121.123.135.93 ----------
REQUEST URI : /index.php?route=product/product&amp;path=65&amp;product_id=135
MOD DETAILS:
   modFile   : /home/webuser/helloworld/htdocs/vqmod/xml/opencartmy_payment_notification_form.xml
   id        : Payment Notification Form for Bank Transfer
   version   : 1.2
   vqmver    : 2.4.1
   author    : opencartmy@gmail.com

File Name    : catalog/view/theme/*/template/common/footer.tpl(0)
VQModObject::applyMod - SEARCH NOT FOUND (ABORTING MOD): <li><a href="<?php echo $contact; ?>"><?php echo $text_contact; ?></a></li>
----------------------------------------------------------------------


---------- Date: 2014-02-13 02:51:48 ~ IP : 121.123.135.93 ----------
REQUEST URI : /index.php?route=product/product&amp;path=65&amp;product_id=122
MOD DETAILS:
   modFile   : /home/webuser/helloworld/htdocs/vqmod/xml/opencartmy_payment_notification_form.xml
   id        : Payment Notification Form for Bank Transfer
   version   : 1.2
   vqmver    : 2.4.1
   author    : opencartmy@gmail.com

File Name    : catalog/view/theme/*/template/common/footer.tpl(0)
VQModObject::applyMod - SEARCH NOT FOUND (ABORTING MOD): <li><a href="<?php echo $contact; ?>"><?php echo $text_contact; ?></a></li>
----------------------------------------------------------------------


---------- Date: 2014-02-13 02:52:24 ~ IP : 121.123.135.93 ----------
REQUEST URI : /index.php?route=product/product&amp;path=65&amp;product_id=58
MOD DETAILS:
   modFile   : /home/webuser/helloworld/htdocs/vqmod/xml/opencartmy_payment_notification_form.xml
   id        : Payment Notification Form for Bank Transfer
   version   : 1.2
   vqmver    : 2.4.1
   author    : opencartmy@gmail.com

File Name    : catalog/view/theme/*/template/common/footer.tpl(0)
VQModObject::applyMod - SEARCH NOT FOUND (ABORTING MOD): <li><a href="<?php echo $contact; ?>"><?php echo $text_contact; ?></a></li>
----------------------------------------------------------------------


---------- Date: 2014-02-13 02:52:37 ~ IP : 121.123.135.93 ----------
REQUEST URI : /index.php?route=product/product&amp;product_id=123&amp;path=65
MOD DETAILS:
   modFile   : /home/webuser/helloworld/htdocs/vqmod/xml/opencartmy_payment_notification_form.xml
   id        : Payment Notification Form for Bank Transfer
   version   : 1.2
   vqmver    : 2.4.1
   author    : opencartmy@gmail.com

File Name    : catalog/view/theme/*/template/common/footer.tpl(0)
VQModObject::applyMod - SEARCH NOT FOUND (ABORTING MOD): <li><a href="<?php echo $contact; ?>"><?php echo $text_contact; ?></a></li>
----------------------------------------------------------------------


---------- Date: 2014-02-13 02:52:57 ~ IP : 121.123.135.93 ----------
REQUEST URI : /index.php?route=product/product&amp;path=65&amp;product_id=84
MOD DETAILS:
   modFile   : /home/webuser/helloworld/htdocs/vqmod/xml/opencartmy_payment_notification_form.xml
   id        : Payment Notification Form for Bank Transfer
   version   : 1.2
   vqmver    : 2.4.1
   author    : opencartmy@gmail.com

File Name    : catalog/view/theme/*/template/common/footer.tpl(0)
VQModObject::applyMod - SEARCH NOT FOUND (ABORTING MOD): <li><a href="<?php echo $contact; ?>"><?php echo $text_contact; ?></a></li>
----------------------------------------------------------------------


---------- Date: 2014-02-13 03:18:47 ~ IP : 58.26.107.194 ----------
REQUEST URI : /
MOD DETAILS:
   modFile   : /home/webuser/helloworld/htdocs/vqmod/xml/opencartmy_payment_notification_form.xml
   id        : Payment Notification Form for Bank Transfer
   version   : 1.2
   vqmver    : 2.4.1
   author    : opencartmy@gmail.com

File Name    : catalog/view/theme/*/template/common/footer.tpl(0)
VQModObject::applyMod - SEARCH NOT FOUND (ABORTING MOD): <li><a href="<?php echo $contact; ?>"><?php echo $text_contact; ?></a></li>
----------------------------------------------------------------------


---------- Date: 2014-02-13 03:18:54 ~ IP : 58.26.107.194 ----------
REQUEST URI : /index.php?route=product/category&amp;path=59
MOD DETAILS:
   modFile   : /home/webuser/helloworld/htdocs/vqmod/xml/opencartmy_payment_notification_form.xml
   id        : Payment Notification Form for Bank Transfer
   version   : 1.2
   vqmver    : 2.4.1
   author    : opencartmy@gmail.com

File Name    : catalog/view/theme/*/template/common/footer.tpl(0)
VQModObject::applyMod - SEARCH NOT FOUND (ABORTING MOD): <li><a href="<?php echo $contact; ?>"><?php echo $text_contact; ?></a></li>
----------------------------------------------------------------------


---------- Date: 2014-02-13 03:19:21 ~ IP : 58.26.107.194 ----------
REQUEST URI : /index.php?route=product/category&amp;path=59&amp;page=2
MOD DETAILS:
   modFile   : /home/webuser/helloworld/htdocs/vqmod/xml/opencartmy_payment_notification_form.xml
   id        : Payment Notification Form for Bank Transfer
   version   : 1.2
   vqmver    : 2.4.1
   author    : opencartmy@gmail.com

File Name    : catalog/view/theme/*/template/common/footer.tpl(0)
VQModObject::applyMod - SEARCH NOT FOUND (ABORTING MOD): <li><a href="<?php echo $contact; ?>"><?php echo $text_contact; ?></a></li>
----------------------------------------------------------------------


---------- Date: 2014-02-13 03:19:49 ~ IP : 121.123.135.93 ----------
REQUEST URI : /
MOD DETAILS:
   modFile   : /home/webuser/helloworld/htdocs/vqmod/xml/opencartmy_payment_notification_form.xml
   id        : Payment Notification Form for Bank Transfer
   version   : 1.2
   vqmver    : 2.4.1
   author    : opencartmy@gmail.com

File Name    : catalog/view/theme/*/template/common/footer.tpl(0)
VQModObject::applyMod - SEARCH NOT FOUND (ABORTING MOD): <li><a href="<?php echo $contact; ?>"><?php echo $text_contact; ?></a></li>
----------------------------------------------------------------------


---------- Date: 2014-02-13 03:19:54 ~ IP : 23.27.24.24 ----------
REQUEST URI : /
MOD DETAILS:
   modFile   : /home/webuser/helloworld/htdocs/vqmod/xml/opencartmy_payment_notification_form.xml
   id        : Payment Notification Form for Bank Transfer
   version   : 1.2
   vqmver    : 2.4.1
   author    : opencartmy@gmail.com

File Name    : catalog/view/theme/*/template/common/footer.tpl(0)
VQModObject::applyMod - SEARCH NOT FOUND (ABORTING MOD): <li><a href="<?php echo $contact; ?>"><?php echo $text_contact; ?></a></li>
----------------------------------------------------------------------


---------- Date: 2014-02-13 03:20:37 ~ IP : 23.27.24.224 ----------
REQUEST URI : /index.php?route=product/product&amp;path=65&amp;product_id=122
MOD DETAILS:
   modFile   : /home/webuser/helloworld/htdocs/vqmod/xml/opencartmy_payment_notification_form.xml
   id        : Payment Notification Form for Bank Transfer
   version   : 1.2
   vqmver    : 2.4.1
   author    : opencartmy@gmail.com

File Name    : catalog/view/theme/*/template/common/footer.tpl(0)
VQModObject::applyMod - SEARCH NOT FOUND (ABORTING MOD): <li><a href="<?php echo $contact; ?>"><?php echo $text_contact; ?></a></li>
----------------------------------------------------------------------


---------- Date: 2014-02-13 03:20:50 ~ IP : 64.40.156.115 ----------
REQUEST URI : /index.php?route=product/product&amp;path=61&amp;product_id=153
MOD DETAILS:
   modFile   : /home/webuser/helloworld/htdocs/vqmod/xml/opencartmy_payment_notification_form.xml
   id        : Payment Notification Form for Bank Transfer
   version   : 1.2
   vqmver    : 2.4.1
   author    : opencartmy@gmail.com

File Name    : catalog/view/theme/*/template/common/footer.tpl(0)
VQModObject::applyMod - SEARCH NOT FOUND (ABORTING MOD): <li><a href="<?php echo $contact; ?>"><?php echo $text_contact; ?></a></li>
----------------------------------------------------------------------


---------- Date: 2014-02-13 03:21:42 ~ IP : 23.27.24.224 ----------
REQUEST URI : /index.php?route=product/category&amp;path=79
MOD DETAILS:
   modFile   : /home/webuser/helloworld/htdocs/vqmod/xml/opencartmy_payment_notification_form.xml
   id        : Payment Notification Form for Bank Transfer
   version   : 1.2
   vqmver    : 2.4.1
   author    : opencartmy@gmail.com

File Name    : catalog/view/theme/*/template/common/footer.tpl(0)
VQModObject::applyMod - SEARCH NOT FOUND (ABORTING MOD): <li><a href="<?php echo $contact; ?>"><?php echo $text_contact; ?></a></li>
----------------------------------------------------------------------


---------- Date: 2014-02-13 03:22:00 ~ IP : 23.27.24.184 ----------
REQUEST URI : /index.php?route=product/category&amp;path=65
MOD DETAILS:
   modFile   : /home/webuser/helloworld/htdocs/vqmod/xml/opencartmy_payment_notification_form.xml
   id        : Payment Notification Form for Bank Transfer
   version   : 1.2
   vqmver    : 2.4.1
   author    : opencartmy@gmail.com

File Name    : catalog/view/theme/*/template/common/footer.tpl(0)
VQModObject::applyMod - SEARCH NOT FOUND (ABORTING MOD): <li><a href="<?php echo $contact; ?>"><?php echo $text_contact; ?></a></li>
----------------------------------------------------------------------


---------- Date: 2014-02-13 03:22:24 ~ IP : 23.27.24.144 ----------
REQUEST URI : /index.php?route=product/product&amp;path=65&amp;product_id=134
MOD DETAILS:
   modFile   : /home/webuser/helloworld/htdocs/vqmod/xml/opencartmy_payment_notification_form.xml
   id        : Payment Notification Form for Bank Transfer
   version   : 1.2
   vqmver    : 2.4.1
   author    : opencartmy@gmail.com

File Name    : catalog/view/theme/*/template/common/footer.tpl(0)
VQModObject::applyMod - SEARCH NOT FOUND (ABORTING MOD): <li><a href="<?php echo $contact; ?>"><?php echo $text_contact; ?></a></li>
----------------------------------------------------------------------


---------- Date: 2014-02-13 03:22:57 ~ IP : 23.27.24.173 ----------
REQUEST URI : /index.php?route=product/category&amp;path=60
MOD DETAILS:
   modFile   : /home/webuser/helloworld/htdocs/vqmod/xml/opencartmy_payment_notification_form.xml
   id        : Payment Notification Form for Bank Transfer
   version   : 1.2
   vqmver    : 2.4.1
   author    : opencartmy@gmail.com

File Name    : catalog/view/theme/*/template/common/footer.tpl(0)
VQModObject::applyMod - SEARCH NOT FOUND (ABORTING MOD): <li><a href="<?php echo $contact; ?>"><?php echo $text_contact; ?></a></li>
----------------------------------------------------------------------


---------- Date: 2014-02-13 03:23:07 ~ IP : 23.27.24.184 ----------
REQUEST URI : /?route=information/promotions
MOD DETAILS:
   modFile   : /home/webuser/helloworld/htdocs/vqmod/xml/opencartmy_payment_notification_form.xml
   id        : Payment Notification Form for Bank Transfer
   version   : 1.2
   vqmver    : 2.4.1
   author    : opencartmy@gmail.com

File Name    : catalog/view/theme/*/template/common/footer.tpl(0)
VQModObject::applyMod - SEARCH NOT FOUND (ABORTING MOD): <li><a href="<?php echo $contact; ?>"><?php echo $text_contact; ?></a></li>
----------------------------------------------------------------------


---------- Date: 2014-02-13 03:23:50 ~ IP : 64.40.156.115 ----------
REQUEST URI : /index.php?route=product/product&amp;path=65&amp;product_id=84
MOD DETAILS:
   modFile   : /home/webuser/helloworld/htdocs/vqmod/xml/opencartmy_payment_notification_form.xml
   id        : Payment Notification Form for Bank Transfer
   version   : 1.2
   vqmver    : 2.4.1
   author    : opencartmy@gmail.com

File Name    : catalog/view/theme/*/template/common/footer.tpl(0)
VQModObject::applyMod - SEARCH NOT FOUND (ABORTING MOD): <li><a href="<?php echo $contact; ?>"><?php echo $text_contact; ?></a></li>
----------------------------------------------------------------------


---------- Date: 2014-02-13 03:24:57 ~ IP : 23.27.24.144 ----------
REQUEST URI : /?route=information/customerservice
MOD DETAILS:
   modFile   : /home/webuser/helloworld/htdocs/vqmod/xml/opencartmy_payment_notification_form.xml
   id        : Payment Notification Form for Bank Transfer
   version   : 1.2
   vqmver    : 2.4.1
   author    : opencartmy@gmail.com

File Name    : catalog/view/theme/*/template/common/footer.tpl(0)
VQModObject::applyMod - SEARCH NOT FOUND (ABORTING MOD): <li><a href="<?php echo $contact; ?>"><?php echo $text_contact; ?></a></li>
----------------------------------------------------------------------


---------- Date: 2014-02-13 03:25:42 ~ IP : 58.26.107.194 ----------
REQUEST URI : /index.php?route=product/category&amp;path=79
MOD DETAILS:
   modFile   : /home/webuser/helloworld/htdocs/vqmod/xml/opencartmy_payment_notification_form.xml
   id        : Payment Notification Form for Bank Transfer
   version   : 1.2
   vqmver    : 2.4.1
   author    : opencartmy@gmail.com

File Name    : catalog/view/theme/*/template/common/footer.tpl(0)
VQModObject::applyMod - SEARCH NOT FOUND (ABORTING MOD): <li><a href="<?php echo $contact; ?>"><?php echo $text_contact; ?></a></li>
----------------------------------------------------------------------


---------- Date: 2014-02-13 03:25:54 ~ IP : 58.26.107.194 ----------
REQUEST URI : /index.php?route=product/product&amp;path=79&amp;product_id=61
MOD DETAILS:
   modFile   : /home/webuser/helloworld/htdocs/vqmod/xml/opencartmy_payment_notification_form.xml
   id        : Payment Notification Form for Bank Transfer
   version   : 1.2
   vqmver    : 2.4.1
   author    : opencartmy@gmail.com

File Name    : catalog/view/theme/*/template/common/footer.tpl(0)
VQModObject::applyMod - SEARCH NOT FOUND (ABORTING MOD): <li><a href="<?php echo $contact; ?>"><?php echo $text_contact; ?></a></li>
----------------------------------------------------------------------


---------- Date: 2014-02-13 03:25:59 ~ IP : 58.26.107.194 ----------
REQUEST URI : /index.php?route=product/category&amp;path=60
MOD DETAILS:
   modFile   : /home/webuser/helloworld/htdocs/vqmod/xml/opencartmy_payment_notification_form.xml
   id        : Payment Notification Form for Bank Transfer
   version   : 1.2
   vqmver    : 2.4.1
   author    : opencartmy@gmail.com

File Name    : catalog/view/theme/*/template/common/footer.tpl(0)
VQModObject::applyMod - SEARCH NOT FOUND (ABORTING MOD): <li><a href="<?php echo $contact; ?>"><?php echo $text_contact; ?></a></li>
----------------------------------------------------------------------


---------- Date: 2014-02-13 03:26:01 ~ IP : 23.27.24.24 ----------
REQUEST URI : /index.php?route=checkout/cart
MOD DETAILS:
   modFile   : /home/webuser/helloworld/htdocs/vqmod/xml/opencartmy_payment_notification_form.xml
   id        : Payment Notification Form for Bank Transfer
   version   : 1.2
   vqmver    : 2.4.1
   author    : opencartmy@gmail.com

File Name    : catalog/view/theme/*/template/common/footer.tpl(0)
VQModObject::applyMod - SEARCH NOT FOUND (ABORTING MOD): <li><a href="<?php echo $contact; ?>"><?php echo $text_contact; ?></a></li>
----------------------------------------------------------------------


---------- Date: 2014-02-13 03:27:01 ~ IP : 66.249.66.69 ----------
REQUEST URI : /index.php?route=product/category&amp;path=61_72
MOD DETAILS:
   modFile   : /home/webuser/helloworld/htdocs/vqmod/xml/opencartmy_payment_notification_form.xml
   id        : Payment Notification Form for Bank Transfer
   version   : 1.2
   vqmver    : 2.4.1
   author    : opencartmy@gmail.com

File Name    : catalog/view/theme/*/template/common/footer.tpl(0)
VQModObject::applyMod - SEARCH NOT FOUND (ABORTING MOD): <li><a href="<?php echo $contact; ?>"><?php echo $text_contact; ?></a></li>
----------------------------------------------------------------------


---------- Date: 2014-02-13 03:41:03 ~ IP : 121.123.135.93 ----------
REQUEST URI : /
MOD DETAILS:
   modFile   : /home/webuser/helloworld/htdocs/vqmod/xml/opencartmy_payment_notification_form.xml
   id        : Payment Notification Form for Bank Transfer
   version   : 1.2
   vqmver    : 2.4.1
   author    : opencartmy@gmail.com

File Name    : catalog/view/theme/*/template/common/footer.tpl(0)
VQModObject::applyMod - SEARCH NOT FOUND (ABORTING MOD): <li><a href="<?php echo $contact; ?>"><?php echo $text_contact; ?></a></li>
----------------------------------------------------------------------


---------- Date: 2014-02-13 03:42:51 ~ IP : 216.52.242.14 ----------
REQUEST URI : /
MOD DETAILS:
   modFile   : /home/webuser/helloworld/htdocs/vqmod/xml/opencartmy_payment_notification_form.xml
   id        : Payment Notification Form for Bank Transfer
   version   : 1.2
   vqmver    : 2.4.1
   author    : opencartmy@gmail.com

File Name    : catalog/view/theme/*/template/common/footer.tpl(0)
VQModObject::applyMod - SEARCH NOT FOUND (ABORTING MOD): <li><a href="<?php echo $contact; ?>"><?php echo $text_contact; ?></a></li>
----------------------------------------------------------------------


---------- Date: 2014-02-13 03:42:52 ~ IP : 54.246.137.243 ----------
REQUEST URI : /
MOD DETAILS:
   modFile   : /home/webuser/helloworld/htdocs/vqmod/xml/opencartmy_payment_notification_form.xml
   id        : Payment Notification Form for Bank Transfer
   version   : 1.2
   vqmver    : 2.4.1
   author    : opencartmy@gmail.com

File Name    : catalog/view/theme/*/template/common/footer.tpl(0)
VQModObject::applyMod - SEARCH NOT FOUND (ABORTING MOD): <li><a href="<?php echo $contact; ?>"><?php echo $text_contact; ?></a></li>
----------------------------------------------------------------------


---------- Date: 2014-02-13 03:42:52 ~ IP : 212.124.109.166 ----------
REQUEST URI : /
MOD DETAILS:
   modFile   : /home/webuser/helloworld/htdocs/vqmod/xml/opencartmy_payment_notification_form.xml
   id        : Payment Notification Form for Bank Transfer
   version   : 1.2
   vqmver    : 2.4.1
   author    : opencartmy@gmail.com

File Name    : catalog/view/theme/*/template/common/footer.tpl(0)
VQModObject::applyMod - SEARCH NOT FOUND (ABORTING MOD): <li><a href="<?php echo $contact; ?>"><?php echo $text_contact; ?></a></li>
----------------------------------------------------------------------


---------- Date: 2014-02-13 03:42:52 ~ IP : 184.169.203.101 ----------
REQUEST URI : /
MOD DETAILS:
   modFile   : /home/webuser/helloworld/htdocs/vqmod/xml/opencartmy_payment_notification_form.xml
   id        : Payment Notification Form for Bank Transfer
   version   : 1.2
   vqmver    : 2.4.1
   author    : opencartmy@gmail.com

File Name    : catalog/view/theme/*/template/common/footer.tpl(0)
VQModObject::applyMod - SEARCH NOT FOUND (ABORTING MOD): <li><a href="<?php echo $contact; ?>"><?php echo $text_contact; ?></a></li>
----------------------------------------------------------------------


---------- Date: 2014-02-13 03:42:52 ~ IP : 184.169.203.101 ----------
REQUEST URI : /
MOD DETAILS:
   modFile   : /home/webuser/helloworld/htdocs/vqmod/xml/opencartmy_payment_notification_form.xml
   id        : Payment Notification Form for Bank Transfer
   version   : 1.2
   vqmver    : 2.4.1
   author    : opencartmy@gmail.com

File Name    : catalog/view/theme/*/template/common/footer.tpl(0)
VQModObject::applyMod - SEARCH NOT FOUND (ABORTING MOD): <li><a href="<?php echo $contact; ?>"><?php echo $text_contact; ?></a></li>
----------------------------------------------------------------------


---------- Date: 2014-02-13 03:42:53 ~ IP : 184.169.203.101 ----------
REQUEST URI : /
MOD DETAILS:
   modFile   : /home/webuser/helloworld/htdocs/vqmod/xml/opencartmy_payment_notification_form.xml
   id        : Payment Notification Form for Bank Transfer
   version   : 1.2
   vqmver    : 2.4.1
   author    : opencartmy@gmail.com

File Name    : catalog/view/theme/*/template/common/footer.tpl(0)
VQModObject::applyMod - SEARCH NOT FOUND (ABORTING MOD): <li><a href="<?php echo $contact; ?>"><?php echo $text_contact; ?></a></li>
----------------------------------------------------------------------


---------- Date: 2014-02-13 03:42:55 ~ IP : 98.137.207.25 ----------
REQUEST URI : /
MOD DETAILS:
   modFile   : /home/webuser/helloworld/htdocs/vqmod/xml/opencartmy_payment_notification_form.xml
   id        : Payment Notification Form for Bank Transfer
   version   : 1.2
   vqmver    : 2.4.1
   author    : opencartmy@gmail.com

File Name    : catalog/view/theme/*/template/common/footer.tpl(0)
VQModObject::applyMod - SEARCH NOT FOUND (ABORTING MOD): <li><a href="<?php echo $contact; ?>"><?php echo $text_contact; ?></a></li>
----------------------------------------------------------------------


---------- Date: 2014-02-13 03:42:55 ~ IP : 98.137.207.25 ----------
REQUEST URI : /
MOD DETAILS:
   modFile   : /home/webuser/helloworld/htdocs/vqmod/xml/opencartmy_payment_notification_form.xml
   id        : Payment Notification Form for Bank Transfer
   version   : 1.2
   vqmver    : 2.4.1
   author    : opencartmy@gmail.com

File Name    : catalog/view/theme/*/template/common/footer.tpl(0)
VQModObject::applyMod - SEARCH NOT FOUND (ABORTING MOD): <li><a href="<?php echo $contact; ?>"><?php echo $text_contact; ?></a></li>
----------------------------------------------------------------------


---------- Date: 2014-02-13 03:42:55 ~ IP : 54.246.137.243 ----------
REQUEST URI : /
MOD DETAILS:
   modFile   : /home/webuser/helloworld/htdocs/vqmod/xml/opencartmy_payment_notification_form.xml
   id        : Payment Notification Form for Bank Transfer
   version   : 1.2
   vqmver    : 2.4.1
   author    : opencartmy@gmail.com

File Name    : catalog/view/theme/*/template/common/footer.tpl(0)
VQModObject::applyMod - SEARCH NOT FOUND (ABORTING MOD): <li><a href="<?php echo $contact; ?>"><?php echo $text_contact; ?></a></li>
----------------------------------------------------------------------


---------- Date: 2014-02-13 03:42:55 ~ IP : 212.124.109.166 ----------
REQUEST URI : /
MOD DETAILS:
   modFile   : /home/webuser/helloworld/htdocs/vqmod/xml/opencartmy_payment_notification_form.xml
   id        : Payment Notification Form for Bank Transfer
   version   : 1.2
   vqmver    : 2.4.1
   author    : opencartmy@gmail.com

File Name    : catalog/view/theme/*/template/common/footer.tpl(0)
VQModObject::applyMod - SEARCH NOT FOUND (ABORTING MOD): <li><a href="<?php echo $contact; ?>"><?php echo $text_contact; ?></a></li>
----------------------------------------------------------------------


---------- Date: 2014-02-13 03:42:56 ~ IP : 199.59.148.209 ----------
REQUEST URI : /
MOD DETAILS:
   modFile   : /home/webuser/helloworld/htdocs/vqmod/xml/opencartmy_payment_notification_form.xml
   id        : Payment Notification Form for Bank Transfer
   version   : 1.2
   vqmver    : 2.4.1
   author    : opencartmy@gmail.com

File Name    : catalog/view/theme/*/template/common/footer.tpl(0)
VQModObject::applyMod - SEARCH NOT FOUND (ABORTING MOD): <li><a href="<?php echo $contact; ?>"><?php echo $text_contact; ?></a></li>
----------------------------------------------------------------------


---------- Date: 2014-02-13 03:42:56 ~ IP : 50.57.229.126 ----------
REQUEST URI : /
MOD DETAILS:
   modFile   : /home/webuser/helloworld/htdocs/vqmod/xml/opencartmy_payment_notification_form.xml
   id        : Payment Notification Form for Bank Transfer
   version   : 1.2
   vqmver    : 2.4.1
   author    : opencartmy@gmail.com

File Name    : catalog/view/theme/*/template/common/footer.tpl(0)
VQModObject::applyMod - SEARCH NOT FOUND (ABORTING MOD): <li><a href="<?php echo $contact; ?>"><?php echo $text_contact; ?></a></li>
----------------------------------------------------------------------


---------- Date: 2014-02-13 03:42:57 ~ IP : 50.57.227.76 ----------
REQUEST URI : /
MOD DETAILS:
   modFile   : /home/webuser/helloworld/htdocs/vqmod/xml/opencartmy_payment_notification_form.xml
   id        : Payment Notification Form for Bank Transfer
   version   : 1.2
   vqmver    : 2.4.1
   author    : opencartmy@gmail.com

File Name    : catalog/view/theme/*/template/common/footer.tpl(0)
VQModObject::applyMod - SEARCH NOT FOUND (ABORTING MOD): <li><a href="<?php echo $contact; ?>"><?php echo $text_contact; ?></a></li>
----------------------------------------------------------------------


---------- Date: 2014-02-13 03:42:57 ~ IP : 54.204.122.14 ----------
REQUEST URI : /
MOD DETAILS:
   modFile   : /home/webuser/helloworld/htdocs/vqmod/xml/opencartmy_payment_notification_form.xml
   id        : Payment Notification Form for Bank Transfer
   version   : 1.2
   vqmver    : 2.4.1
   author    : opencartmy@gmail.com

File Name    : catalog/view/theme/*/template/common/footer.tpl(0)
VQModObject::applyMod - SEARCH NOT FOUND (ABORTING MOD): <li><a href="<?php echo $contact; ?>"><?php echo $text_contact; ?></a></li>
----------------------------------------------------------------------


---------- Date: 2014-02-13 03:42:57 ~ IP : 173.192.79.101 ----------
REQUEST URI : /
MOD DETAILS:
   modFile   : /home/webuser/helloworld/htdocs/vqmod/xml/opencartmy_payment_notification_form.xml
   id        : Payment Notification Form for Bank Transfer
   version   : 1.2
   vqmver    : 2.4.1
   author    : opencartmy@gmail.com

File Name    : catalog/view/theme/*/template/common/footer.tpl(0)
VQModObject::applyMod - SEARCH NOT FOUND (ABORTING MOD): <li><a href="<?php echo $contact; ?>"><?php echo $text_contact; ?></a></li>
----------------------------------------------------------------------


---------- Date: 2014-02-13 03:42:57 ~ IP : 65.52.244.220 ----------
REQUEST URI : /
MOD DETAILS:
   modFile   : /home/webuser/helloworld/htdocs/vqmod/xml/opencartmy_payment_notification_form.xml
   id        : Payment Notification Form for Bank Transfer
   version   : 1.2
   vqmver    : 2.4.1
   author    : opencartmy@gmail.com

File Name    : catalog/view/theme/*/template/common/footer.tpl(0)
VQModObject::applyMod - SEARCH NOT FOUND (ABORTING MOD): <li><a href="<?php echo $contact; ?>"><?php echo $text_contact; ?></a></li>
----------------------------------------------------------------------


---------- Date: 2014-02-13 03:42:58 ~ IP : 184.169.203.101 ----------
REQUEST URI : /
MOD DETAILS:
   modFile   : /home/webuser/helloworld/htdocs/vqmod/xml/opencartmy_payment_notification_form.xml
   id        : Payment Notification Form for Bank Transfer
   version   : 1.2
   vqmver    : 2.4.1
   author    : opencartmy@gmail.com

File Name    : catalog/view/theme/*/template/common/footer.tpl(0)
VQModObject::applyMod - SEARCH NOT FOUND (ABORTING MOD): <li><a href="<?php echo $contact; ?>"><?php echo $text_contact; ?></a></li>
----------------------------------------------------------------------


---------- Date: 2014-02-13 03:42:58 ~ IP : 98.137.207.25 ----------
REQUEST URI : /
MOD DETAILS:
   modFile   : /home/webuser/helloworld/htdocs/vqmod/xml/opencartmy_payment_notification_form.xml
   id        : Payment Notification Form for Bank Transfer
   version   : 1.2
   vqmver    : 2.4.1
   author    : opencartmy@gmail.com

File Name    : catalog/view/theme/*/template/common/footer.tpl(0)
VQModObject::applyMod - SEARCH NOT FOUND (ABORTING MOD): <li><a href="<?php echo $contact; ?>"><?php echo $text_contact; ?></a></li>
----------------------------------------------------------------------


---------- Date: 2014-02-13 03:42:58 ~ IP : 98.137.207.25 ----------
REQUEST URI : /
MOD DETAILS:
   modFile   : /home/webuser/helloworld/htdocs/vqmod/xml/opencartmy_payment_notification_form.xml
   id        : Payment Notification Form for Bank Transfer
   version   : 1.2
   vqmver    : 2.4.1
   author    : opencartmy@gmail.com

File Name    : catalog/view/theme/*/template/common/footer.tpl(0)
VQModObject::applyMod - SEARCH NOT FOUND (ABORTING MOD): <li><a href="<?php echo $contact; ?>"><?php echo $text_contact; ?></a></li>
----------------------------------------------------------------------


---------- Date: 2014-02-13 03:42:58 ~ IP : 66.228.54.160 ----------
REQUEST URI : /
MOD DETAILS:
   modFile   : /home/webuser/helloworld/htdocs/vqmod/xml/opencartmy_payment_notification_form.xml
   id        : Payment Notification Form for Bank Transfer
   version   : 1.2
   vqmver    : 2.4.1
   author    : opencartmy@gmail.com

File Name    : catalog/view/theme/*/template/common/footer.tpl(0)
VQModObject::applyMod - SEARCH NOT FOUND (ABORTING MOD): <li><a href="<?php echo $contact; ?>"><?php echo $text_contact; ?></a></li>
----------------------------------------------------------------------


---------- Date: 2014-02-13 03:43:06 ~ IP : 98.137.207.25 ----------
REQUEST URI : /
MOD DETAILS:
   modFile   : /home/webuser/helloworld/htdocs/vqmod/xml/opencartmy_payment_notification_form.xml
   id        : Payment Notification Form for Bank Transfer
   version   : 1.2
   vqmver    : 2.4.1
   author    : opencartmy@gmail.com

File Name    : catalog/view/theme/*/template/common/footer.tpl(0)
VQModObject::applyMod - SEARCH NOT FOUND (ABORTING MOD): <li><a href="<?php echo $contact; ?>"><?php echo $text_contact; ?></a></li>
----------------------------------------------------------------------


---------- Date: 2014-02-13 03:43:07 ~ IP : 98.137.207.25 ----------
REQUEST URI : /
MOD DETAILS:
   modFile   : /home/webuser/helloworld/htdocs/vqmod/xml/opencartmy_payment_notification_form.xml
   id        : Payment Notification Form for Bank Transfer
   version   : 1.2
   vqmver    : 2.4.1
   author    : opencartmy@gmail.com

File Name    : catalog/view/theme/*/template/common/footer.tpl(0)
VQModObject::applyMod - SEARCH NOT FOUND (ABORTING MOD): <li><a href="<?php echo $contact; ?>"><?php echo $text_contact; ?></a></li>
----------------------------------------------------------------------


---------- Date: 2014-02-13 03:43:22 ~ IP : 54.215.79.99 ----------
REQUEST URI : /
MOD DETAILS:
   modFile   : /home/webuser/helloworld/htdocs/vqmod/xml/opencartmy_payment_notification_form.xml
   id        : Payment Notification Form for Bank Transfer
   version   : 1.2
   vqmver    : 2.4.1
   author    : opencartmy@gmail.com

File Name    : catalog/view/theme/*/template/common/footer.tpl(0)
VQModObject::applyMod - SEARCH NOT FOUND (ABORTING MOD): <li><a href="<?php echo $contact; ?>"><?php echo $text_contact; ?></a></li>
----------------------------------------------------------------------


---------- Date: 2014-02-13 03:44:04 ~ IP : 46.236.24.48 ----------
REQUEST URI : /
MOD DETAILS:
   modFile   : /home/webuser/helloworld/htdocs/vqmod/xml/opencartmy_payment_notification_form.xml
   id        : Payment Notification Form for Bank Transfer
   version   : 1.2
   vqmver    : 2.4.1
   author    : opencartmy@gmail.com

File Name    : catalog/view/theme/*/template/common/footer.tpl(0)
VQModObject::applyMod - SEARCH NOT FOUND (ABORTING MOD): <li><a href="<?php echo $contact; ?>"><?php echo $text_contact; ?></a></li>
----------------------------------------------------------------------


---------- Date: 2014-02-13 03:44:07 ~ IP : 66.249.84.78 ----------
REQUEST URI : /
MOD DETAILS:
   modFile   : /home/webuser/helloworld/htdocs/vqmod/xml/opencartmy_payment_notification_form.xml
   id        : Payment Notification Form for Bank Transfer
   version   : 1.2
   vqmver    : 2.4.1
   author    : opencartmy@gmail.com

File Name    : catalog/view/theme/*/template/common/footer.tpl(0)
VQModObject::applyMod - SEARCH NOT FOUND (ABORTING MOD): <li><a href="<?php echo $contact; ?>"><?php echo $text_contact; ?></a></li>
----------------------------------------------------------------------


---------- Date: 2014-02-13 03:44:07 ~ IP : 199.59.148.209 ----------
REQUEST URI : /
MOD DETAILS:
   modFile   : /home/webuser/helloworld/htdocs/vqmod/xml/opencartmy_payment_notification_form.xml
   id        : Payment Notification Form for Bank Transfer
   version   : 1.2
   vqmver    : 2.4.1
   author    : opencartmy@gmail.com

File Name    : catalog/view/theme/*/template/common/footer.tpl(0)
VQModObject::applyMod - SEARCH NOT FOUND (ABORTING MOD): <li><a href="<?php echo $contact; ?>"><?php echo $text_contact; ?></a></li>
----------------------------------------------------------------------


---------- Date: 2014-02-13 03:44:07 ~ IP : 199.16.156.126 ----------
REQUEST URI : /
MOD DETAILS:
   modFile   : /home/webuser/helloworld/htdocs/vqmod/xml/opencartmy_payment_notification_form.xml
   id        : Payment Notification Form for Bank Transfer
   version   : 1.2
   vqmver    : 2.4.1
   author    : opencartmy@gmail.com

File Name    : catalog/view/theme/*/template/common/footer.tpl(0)
VQModObject::applyMod - SEARCH NOT FOUND (ABORTING MOD): <li><a href="<?php echo $contact; ?>"><?php echo $text_contact; ?></a></li>
----------------------------------------------------------------------


---------- Date: 2014-02-13 03:44:14 ~ IP : 98.137.207.25 ----------
REQUEST URI : /
MOD DETAILS:
   modFile   : /home/webuser/helloworld/htdocs/vqmod/xml/opencartmy_payment_notification_form.xml
   id        : Payment Notification Form for Bank Transfer
   version   : 1.2
   vqmver    : 2.4.1
   author    : opencartmy@gmail.com

File Name    : catalog/view/theme/*/template/common/footer.tpl(0)
VQModObject::applyMod - SEARCH NOT FOUND (ABORTING MOD): <li><a href="<?php echo $contact; ?>"><?php echo $text_contact; ?></a></li>
----------------------------------------------------------------------


---------- Date: 2014-02-13 03:44:23 ~ IP : 23.227.176.34 ----------
REQUEST URI : /
MOD DETAILS:
   modFile   : /home/webuser/helloworld/htdocs/vqmod/xml/opencartmy_payment_notification_form.xml
   id        : Payment Notification Form for Bank Transfer
   version   : 1.2
   vqmver    : 2.4.1
   author    : opencartmy@gmail.com

File Name    : catalog/view/theme/*/template/common/footer.tpl(0)
VQModObject::applyMod - SEARCH NOT FOUND (ABORTING MOD): <li><a href="<?php echo $contact; ?>"><?php echo $text_contact; ?></a></li>
----------------------------------------------------------------------


---------- Date: 2014-02-13 03:44:23 ~ IP : 23.29.122.195 ----------
REQUEST URI : /
MOD DETAILS:
   modFile   : /home/webuser/helloworld/htdocs/vqmod/xml/opencartmy_payment_notification_form.xml
   id        : Payment Notification Form for Bank Transfer
   version   : 1.2
   vqmver    : 2.4.1
   author    : opencartmy@gmail.com

File Name    : catalog/view/theme/*/template/common/footer.tpl(0)
VQModObject::applyMod - SEARCH NOT FOUND (ABORTING MOD): <li><a href="<?php echo $contact; ?>"><?php echo $text_contact; ?></a></li>
----------------------------------------------------------------------


---------- Date: 2014-02-13 03:44:23 ~ IP : 23.227.176.35 ----------
REQUEST URI : /
MOD DETAILS:
   modFile   : /home/webuser/helloworld/htdocs/vqmod/xml/opencartmy_payment_notification_form.xml
   id        : Payment Notification Form for Bank Transfer
   version   : 1.2
   vqmver    : 2.4.1
   author    : opencartmy@gmail.com

File Name    : catalog/view/theme/*/template/common/footer.tpl(0)
VQModObject::applyMod - SEARCH NOT FOUND (ABORTING MOD): <li><a href="<?php echo $contact; ?>"><?php echo $text_contact; ?></a></li>
----------------------------------------------------------------------


---------- Date: 2014-02-13 03:44:25 ~ IP : 23.29.122.195 ----------
REQUEST URI : /
MOD DETAILS:
   modFile   : /home/webuser/helloworld/htdocs/vqmod/xml/opencartmy_payment_notification_form.xml
   id        : Payment Notification Form for Bank Transfer
   version   : 1.2
   vqmver    : 2.4.1
   author    : opencartmy@gmail.com

File Name    : catalog/view/theme/*/template/common/footer.tpl(0)
VQModObject::applyMod - SEARCH NOT FOUND (ABORTING MOD): <li><a href="<?php echo $contact; ?>"><?php echo $text_contact; ?></a></li>
----------------------------------------------------------------------


---------- Date: 2014-02-13 03:44:25 ~ IP : 23.227.176.35 ----------
REQUEST URI : /
MOD DETAILS:
   modFile   : /home/webuser/helloworld/htdocs/vqmod/xml/opencartmy_payment_notification_form.xml
   id        : Payment Notification Form for Bank Transfer
   version   : 1.2
   vqmver    : 2.4.1
   author    : opencartmy@gmail.com

File Name    : catalog/view/theme/*/template/common/footer.tpl(0)
VQModObject::applyMod - SEARCH NOT FOUND (ABORTING MOD): <li><a href="<?php echo $contact; ?>"><?php echo $text_contact; ?></a></li>
----------------------------------------------------------------------


---------- Date: 2014-02-13 03:44:25 ~ IP : 23.227.176.34 ----------
REQUEST URI : /
MOD DETAILS:
   modFile   : /home/webuser/helloworld/htdocs/vqmod/xml/opencartmy_payment_notification_form.xml
   id        : Payment Notification Form for Bank Transfer
   version   : 1.2
   vqmver    : 2.4.1
   author    : opencartmy@gmail.com

File Name    : catalog/view/theme/*/template/common/footer.tpl(0)
VQModObject::applyMod - SEARCH NOT FOUND (ABORTING MOD): <li><a href="<?php echo $contact; ?>"><?php echo $text_contact; ?></a></li>
----------------------------------------------------------------------


---------- Date: 2014-02-13 03:44:28 ~ IP : 107.23.92.82 ----------
REQUEST URI : /
MOD DETAILS:
   modFile   : /home/webuser/helloworld/htdocs/vqmod/xml/opencartmy_payment_notification_form.xml
   id        : Payment Notification Form for Bank Transfer
   version   : 1.2
   vqmver    : 2.4.1
   author    : opencartmy@gmail.com

File Name    : catalog/view/theme/*/template/common/footer.tpl(0)
VQModObject::applyMod - SEARCH NOT FOUND (ABORTING MOD): <li><a href="<?php echo $contact; ?>"><?php echo $text_contact; ?></a></li>
----------------------------------------------------------------------


---------- Date: 2014-02-13 03:44:34 ~ IP : 66.249.66.66 ----------
REQUEST URI : /
MOD DETAILS:
   modFile   : /home/webuser/helloworld/htdocs/vqmod/xml/opencartmy_payment_notification_form.xml
   id        : Payment Notification Form for Bank Transfer
   version   : 1.2
   vqmver    : 2.4.1
   author    : opencartmy@gmail.com

File Name    : catalog/view/theme/*/template/common/footer.tpl(0)
VQModObject::applyMod - SEARCH NOT FOUND (ABORTING MOD): <li><a href="<?php echo $contact; ?>"><?php echo $text_contact; ?></a></li>
----------------------------------------------------------------------


---------- Date: 2014-02-13 03:44:47 ~ IP : 82.145.209.239 ----------
REQUEST URI : /
MOD DETAILS:
   modFile   : /home/webuser/helloworld/htdocs/vqmod/xml/opencartmy_payment_notification_form.xml
   id        : Payment Notification Form for Bank Transfer
   version   : 1.2
   vqmver    : 2.4.1
   author    : opencartmy@gmail.com

File Name    : catalog/view/theme/*/template/common/footer.tpl(0)
VQModObject::applyMod - SEARCH NOT FOUND (ABORTING MOD): <li><a href="<?php echo $contact; ?>"><?php echo $text_contact; ?></a></li>
----------------------------------------------------------------------


---------- Date: 2014-02-13 03:45:12 ~ IP : 74.112.131.243 ----------
REQUEST URI : /
MOD DETAILS:
   modFile   : /home/webuser/helloworld/htdocs/vqmod/xml/opencartmy_payment_notification_form.xml
   id        : Payment Notification Form for Bank Transfer
   version   : 1.2
   vqmver    : 2.4.1
   author    : opencartmy@gmail.com

File Name    : catalog/view/theme/*/template/common/footer.tpl(0)
VQModObject::applyMod - SEARCH NOT FOUND (ABORTING MOD): <li><a href="<?php echo $contact; ?>"><?php echo $text_contact; ?></a></li>
----------------------------------------------------------------------


---------- Date: 2014-02-13 03:45:39 ~ IP : 72.14.199.6 ----------
REQUEST URI : /
MOD DETAILS:
   modFile   : /home/webuser/helloworld/htdocs/vqmod/xml/opencartmy_payment_notification_form.xml
   id        : Payment Notification Form for Bank Transfer
   version   : 1.2
   vqmver    : 2.4.1
   author    : opencartmy@gmail.com

File Name    : catalog/view/theme/*/template/common/footer.tpl(0)
VQModObject::applyMod - SEARCH NOT FOUND (ABORTING MOD): <li><a href="<?php echo $contact; ?>"><?php echo $text_contact; ?></a></li>
----------------------------------------------------------------------


---------- Date: 2014-02-13 03:45:43 ~ IP : 74.112.131.246 ----------
REQUEST URI : /
MOD DETAILS:
   modFile   : /home/webuser/helloworld/htdocs/vqmod/xml/opencartmy_payment_notification_form.xml
   id        : Payment Notification Form for Bank Transfer
   version   : 1.2
   vqmver    : 2.4.1
   author    : opencartmy@gmail.com

File Name    : catalog/view/theme/*/template/common/footer.tpl(0)
VQModObject::applyMod - SEARCH NOT FOUND (ABORTING MOD): <li><a href="<?php echo $contact; ?>"><?php echo $text_contact; ?></a></li>
----------------------------------------------------------------------


---------- Date: 2014-02-13 03:45:51 ~ IP : 121.123.135.93 ----------
REQUEST URI : /
MOD DETAILS:
   modFile   : /home/webuser/helloworld/htdocs/vqmod/xml/opencartmy_payment_notification_form.xml
   id        : Payment Notification Form for Bank Transfer
   version   : 1.2
   vqmver    : 2.4.1
   author    : opencartmy@gmail.com

File Name    : catalog/view/theme/*/template/common/footer.tpl(0)
VQModObject::applyMod - SEARCH NOT FOUND (ABORTING MOD): <li><a href="<?php echo $contact; ?>"><?php echo $text_contact; ?></a></li>
----------------------------------------------------------------------


---------- Date: 2014-02-13 03:46:18 ~ IP : 66.249.84.78 ----------
REQUEST URI : /
MOD DETAILS:
   modFile   : /home/webuser/helloworld/htdocs/vqmod/xml/opencartmy_payment_notification_form.xml
   id        : Payment Notification Form for Bank Transfer
   version   : 1.2
   vqmver    : 2.4.1
   author    : opencartmy@gmail.com

File Name    : catalog/view/theme/*/template/common/footer.tpl(0)
VQModObject::applyMod - SEARCH NOT FOUND (ABORTING MOD): <li><a href="<?php echo $contact; ?>"><?php echo $text_contact; ?></a></li>
----------------------------------------------------------------------


---------- Date: 2014-02-13 03:46:58 ~ IP : 69.164.211.100 ----------
REQUEST URI : /
MOD DETAILS:
   modFile   : /home/webuser/helloworld/htdocs/vqmod/xml/opencartmy_payment_notification_form.xml
   id        : Payment Notification Form for Bank Transfer
   version   : 1.2
   vqmver    : 2.4.1
   author    : opencartmy@gmail.com

File Name    : catalog/view/theme/*/template/common/footer.tpl(0)
VQModObject::applyMod - SEARCH NOT FOUND (ABORTING MOD): <li><a href="<?php echo $contact; ?>"><?php echo $text_contact; ?></a></li>
----------------------------------------------------------------------


---------- Date: 2014-02-13 03:46:59 ~ IP : 54.211.201.185 ----------
REQUEST URI : /
MOD DETAILS:
   modFile   : /home/webuser/helloworld/htdocs/vqmod/xml/opencartmy_payment_notification_form.xml
   id        : Payment Notification Form for Bank Transfer
   version   : 1.2
   vqmver    : 2.4.1
   author    : opencartmy@gmail.com

File Name    : catalog/view/theme/*/template/common/footer.tpl(0)
VQModObject::applyMod - SEARCH NOT FOUND (ABORTING MOD): <li><a href="<?php echo $contact; ?>"><?php echo $text_contact; ?></a></li>
----------------------------------------------------------------------


---------- Date: 2014-02-13 03:47:01 ~ IP : 54.211.201.185 ----------
REQUEST URI : /
MOD DETAILS:
   modFile   : /home/webuser/helloworld/htdocs/vqmod/xml/opencartmy_payment_notification_form.xml
   id        : Payment Notification Form for Bank Transfer
   version   : 1.2
   vqmver    : 2.4.1
   author    : opencartmy@gmail.com

File Name    : catalog/view/theme/*/template/common/footer.tpl(0)
VQModObject::applyMod - SEARCH NOT FOUND (ABORTING MOD): <li><a href="<?php echo $contact; ?>"><?php echo $text_contact; ?></a></li>
----------------------------------------------------------------------


---------- Date: 2014-02-13 03:47:28 ~ IP : 121.123.135.93 ----------
REQUEST URI : /
MOD DETAILS:
   modFile   : /home/webuser/helloworld/htdocs/vqmod/xml/opencartmy_payment_notification_form.xml
   id        : Payment Notification Form for Bank Transfer
   version   : 1.2
   vqmver    : 2.4.1
   author    : opencartmy@gmail.com

File Name    : catalog/view/theme/*/template/common/footer.tpl(0)
VQModObject::applyMod - SEARCH NOT FOUND (ABORTING MOD): <li><a href="<?php echo $contact; ?>"><?php echo $text_contact; ?></a></li>
----------------------------------------------------------------------


---------- Date: 2014-02-13 03:48:01 ~ IP : 121.123.135.93 ----------
REQUEST URI : /
MOD DETAILS:
   modFile   : /home/webuser/helloworld/htdocs/vqmod/xml/opencartmy_payment_notification_form.xml
   id        : Payment Notification Form for Bank Transfer
   version   : 1.2
   vqmver    : 2.4.1
   author    : opencartmy@gmail.com

File Name    : catalog/view/theme/*/template/common/footer.tpl(0)
VQModObject::applyMod - SEARCH NOT FOUND (ABORTING MOD): <li><a href="<?php echo $contact; ?>"><?php echo $text_contact; ?></a></li>
----------------------------------------------------------------------


---------- Date: 2014-02-13 03:48:06 ~ IP : 54.242.255.246 ----------
REQUEST URI : /
MOD DETAILS:
   modFile   : /home/webuser/helloworld/htdocs/vqmod/xml/opencartmy_payment_notification_form.xml
   id        : Payment Notification Form for Bank Transfer
   version   : 1.2
   vqmver    : 2.4.1
   author    : opencartmy@gmail.com

File Name    : catalog/view/theme/*/template/common/footer.tpl(0)
VQModObject::applyMod - SEARCH NOT FOUND (ABORTING MOD): <li><a href="<?php echo $contact; ?>"><?php echo $text_contact; ?></a></li>
----------------------------------------------------------------------


---------- Date: 2014-02-13 03:48:07 ~ IP : 50.16.60.209 ----------
REQUEST URI : /
MOD DETAILS:
   modFile   : /home/webuser/helloworld/htdocs/vqmod/xml/opencartmy_payment_notification_form.xml
   id        : Payment Notification Form for Bank Transfer
   version   : 1.2
   vqmver    : 2.4.1
   author    : opencartmy@gmail.com

File Name    : catalog/view/theme/*/template/common/footer.tpl(0)
VQModObject::applyMod - SEARCH NOT FOUND (ABORTING MOD): <li><a href="<?php echo $contact; ?>"><?php echo $text_contact; ?></a></li>
----------------------------------------------------------------------


---------- Date: 2014-02-13 03:48:09 ~ IP : 54.242.255.246 ----------
REQUEST URI : /
MOD DETAILS:
   modFile   : /home/webuser/helloworld/htdocs/vqmod/xml/opencartmy_payment_notification_form.xml
   id        : Payment Notification Form for Bank Transfer
   version   : 1.2
   vqmver    : 2.4.1
   author    : opencartmy@gmail.com

File Name    : catalog/view/theme/*/template/common/footer.tpl(0)
VQModObject::applyMod - SEARCH NOT FOUND (ABORTING MOD): <li><a href="<?php echo $contact; ?>"><?php echo $text_contact; ?></a></li>
----------------------------------------------------------------------


---------- Date: 2014-02-13 03:48:10 ~ IP : 50.16.60.209 ----------
REQUEST URI : /
MOD DETAILS:
   modFile   : /home/webuser/helloworld/htdocs/vqmod/xml/opencartmy_payment_notification_form.xml
   id        : Payment Notification Form for Bank Transfer
   version   : 1.2
   vqmver    : 2.4.1
   author    : opencartmy@gmail.com

File Name    : catalog/view/theme/*/template/common/footer.tpl(0)
VQModObject::applyMod - SEARCH NOT FOUND (ABORTING MOD): <li><a href="<?php echo $contact; ?>"><?php echo $text_contact; ?></a></li>
----------------------------------------------------------------------


---------- Date: 2014-02-13 03:48:12 ~ IP : 54.242.255.246 ----------
REQUEST URI : /
MOD DETAILS:
   modFile   : /home/webuser/helloworld/htdocs/vqmod/xml/opencartmy_payment_notification_form.xml
   id        : Payment Notification Form for Bank Transfer
   version   : 1.2
   vqmver    : 2.4.1
   author    : opencartmy@gmail.com

File Name    : catalog/view/theme/*/template/common/footer.tpl(0)
VQModObject::applyMod - SEARCH NOT FOUND (ABORTING MOD): <li><a href="<?php echo $contact; ?>"><?php echo $text_contact; ?></a></li>
----------------------------------------------------------------------


---------- Date: 2014-02-13 03:48:13 ~ IP : 50.16.60.209 ----------
REQUEST URI : /
MOD DETAILS:
   modFile   : /home/webuser/helloworld/htdocs/vqmod/xml/opencartmy_payment_notification_form.xml
   id        : Payment Notification Form for Bank Transfer
   version   : 1.2
   vqmver    : 2.4.1
   author    : opencartmy@gmail.com

File Name    : catalog/view/theme/*/template/common/footer.tpl(0)
VQModObject::applyMod - SEARCH NOT FOUND (ABORTING MOD): <li><a href="<?php echo $contact; ?>"><?php echo $text_contact; ?></a></li>
----------------------------------------------------------------------


---------- Date: 2014-02-13 03:48:23 ~ IP : 121.123.135.93 ----------
REQUEST URI : /index.php?route=product/category&amp;path=65
MOD DETAILS:
   modFile   : /home/webuser/helloworld/htdocs/vqmod/xml/opencartmy_payment_notification_form.xml
   id        : Payment Notification Form for Bank Transfer
   version   : 1.2
   vqmver    : 2.4.1
   author    : opencartmy@gmail.com

File Name    : catalog/view/theme/*/template/common/footer.tpl(0)
VQModObject::applyMod - SEARCH NOT FOUND (ABORTING MOD): <li><a href="<?php echo $contact; ?>"><?php echo $text_contact; ?></a></li>
----------------------------------------------------------------------


---------- Date: 2014-02-13 03:48:30 ~ IP : 107.23.45.127 ----------
REQUEST URI : /
MOD DETAILS:
   modFile   : /home/webuser/helloworld/htdocs/vqmod/xml/opencartmy_payment_notification_form.xml
   id        : Payment Notification Form for Bank Transfer
   version   : 1.2
   vqmver    : 2.4.1
   author    : opencartmy@gmail.com

File Name    : catalog/view/theme/*/template/common/footer.tpl(0)
VQModObject::applyMod - SEARCH NOT FOUND (ABORTING MOD): <li><a href="<?php echo $contact; ?>"><?php echo $text_contact; ?></a></li>
----------------------------------------------------------------------


---------- Date: 2014-02-13 03:48:41 ~ IP : 121.123.135.93 ----------
REQUEST URI : /index.php?route=product/category&amp;path=65&amp;filter=7
MOD DETAILS:
   modFile   : /home/webuser/helloworld/htdocs/vqmod/xml/opencartmy_payment_notification_form.xml
   id        : Payment Notification Form for Bank Transfer
   version   : 1.2
   vqmver    : 2.4.1
   author    : opencartmy@gmail.com
VQModObject::parseMods - Could not resolve path for [catalog/language/malay/common/footer.php] (SKIPPED)
VQModObject::parseMods - Could not resolve path for [catalog/language/malay/module/information.php] (SKIPPED)
VQModObject::parseMods - Could not resolve path for [catalog/language/malay/checkout/success.php] (SKIPPED)
VQModObject::parseMods - Could not resolve path for [catalog/language/malay/mail/order.php] (SKIPPED)

File Name    : catalog/view/theme/*/template/common/footer.tpl(0)
VQModObject::applyMod - SEARCH NOT FOUND (ABORTING MOD): <li><a href="<?php echo $contact; ?>"><?php echo $text_contact; ?></a></li>
----------------------------------------------------------------------


---------- Date: 2014-02-13 03:48:43 ~ IP : 121.123.135.93 ----------
REQUEST URI : /index.php?route=product/category&amp;path=65
MOD DETAILS:
   modFile   : /home/webuser/helloworld/htdocs/vqmod/xml/opencartmy_payment_notification_form.xml
   id        : Payment Notification Form for Bank Transfer
   version   : 1.2
   vqmver    : 2.4.1
   author    : opencartmy@gmail.com

File Name    : catalog/view/theme/*/template/common/footer.tpl(0)
VQModObject::applyMod - SEARCH NOT FOUND (ABORTING MOD): <li><a href="<?php echo $contact; ?>"><?php echo $text_contact; ?></a></li>
----------------------------------------------------------------------


---------- Date: 2014-02-13 03:48:52 ~ IP : 121.123.135.93 ----------
REQUEST URI : /
MOD DETAILS:
   modFile   : /home/webuser/helloworld/htdocs/vqmod/xml/opencartmy_payment_notification_form.xml
   id        : Payment Notification Form for Bank Transfer
   version   : 1.2
   vqmver    : 2.4.1
   author    : opencartmy@gmail.com

File Name    : catalog/view/theme/*/template/common/footer.tpl(0)
VQModObject::applyMod - SEARCH NOT FOUND (ABORTING MOD): <li><a href="<?php echo $contact; ?>"><?php echo $text_contact; ?></a></li>
----------------------------------------------------------------------


---------- Date: 2014-02-13 03:48:54 ~ IP : 121.123.135.93 ----------
REQUEST URI : /
MOD DETAILS:
   modFile   : /home/webuser/helloworld/htdocs/vqmod/xml/opencartmy_payment_notification_form.xml
   id        : Payment Notification Form for Bank Transfer
   version   : 1.2
   vqmver    : 2.4.1
   author    : opencartmy@gmail.com

File Name    : catalog/view/theme/*/template/common/footer.tpl(0)
VQModObject::applyMod - SEARCH NOT FOUND (ABORTING MOD): <li><a href="<?php echo $contact; ?>"><?php echo $text_contact; ?></a></li>
----------------------------------------------------------------------


---------- Date: 2014-02-13 03:48:55 ~ IP : 121.123.135.93 ----------
REQUEST URI : /
MOD DETAILS:
   modFile   : /home/webuser/helloworld/htdocs/vqmod/xml/opencartmy_payment_notification_form.xml
   id        : Payment Notification Form for Bank Transfer
   version   : 1.2
   vqmver    : 2.4.1
   author    : opencartmy@gmail.com

File Name    : catalog/view/theme/*/template/common/footer.tpl(0)
VQModObject::applyMod - SEARCH NOT FOUND (ABORTING MOD): <li><a href="<?php echo $contact; ?>"><?php echo $text_contact; ?></a></li>
----------------------------------------------------------------------


---------- Date: 2014-02-13 03:48:57 ~ IP : 121.123.135.93 ----------
REQUEST URI : /
MOD DETAILS:
   modFile   : /home/webuser/helloworld/htdocs/vqmod/xml/opencartmy_payment_notification_form.xml
   id        : Payment Notification Form for Bank Transfer
   version   : 1.2
   vqmver    : 2.4.1
   author    : opencartmy@gmail.com

File Name    : catalog/view/theme/*/template/common/footer.tpl(0)
VQModObject::applyMod - SEARCH NOT FOUND (ABORTING MOD): <li><a href="<?php echo $contact; ?>"><?php echo $text_contact; ?></a></li>
----------------------------------------------------------------------


---------- Date: 2014-02-13 03:48:58 ~ IP : 121.123.135.93 ----------
REQUEST URI : /
MOD DETAILS:
   modFile   : /home/webuser/helloworld/htdocs/vqmod/xml/opencartmy_payment_notification_form.xml
   id        : Payment Notification Form for Bank Transfer
   version   : 1.2
   vqmver    : 2.4.1
   author    : opencartmy@gmail.com

File Name    : catalog/view/theme/*/template/common/footer.tpl(0)
VQModObject::applyMod - SEARCH NOT FOUND (ABORTING MOD): <li><a href="<?php echo $contact; ?>"><?php echo $text_contact; ?></a></li>
----------------------------------------------------------------------


---------- Date: 2014-02-13 03:49:12 ~ IP : 121.123.135.93 ----------
REQUEST URI : /
MOD DETAILS:
   modFile   : /home/webuser/helloworld/htdocs/vqmod/xml/opencartmy_payment_notification_form.xml
   id        : Payment Notification Form for Bank Transfer
   version   : 1.2
   vqmver    : 2.4.1
   author    : opencartmy@gmail.com

File Name    : catalog/view/theme/*/template/common/footer.tpl(0)
VQModObject::applyMod - SEARCH NOT FOUND (ABORTING MOD): <li><a href="<?php echo $contact; ?>"><?php echo $text_contact; ?></a></li>
----------------------------------------------------------------------


---------- Date: 2014-02-13 03:49:16 ~ IP : 121.123.135.93 ----------
REQUEST URI : /
MOD DETAILS:
   modFile   : /home/webuser/helloworld/htdocs/vqmod/xml/opencartmy_payment_notification_form.xml
   id        : Payment Notification Form for Bank Transfer
   version   : 1.2
   vqmver    : 2.4.1
   author    : opencartmy@gmail.com

File Name    : catalog/view/theme/*/template/common/footer.tpl(0)
VQModObject::applyMod - SEARCH NOT FOUND (ABORTING MOD): <li><a href="<?php echo $contact; ?>"><?php echo $text_contact; ?></a></li>
----------------------------------------------------------------------


---------- Date: 2014-02-13 03:49:22 ~ IP : 121.123.135.93 ----------
REQUEST URI : /
MOD DETAILS:
   modFile   : /home/webuser/helloworld/htdocs/vqmod/xml/opencartmy_payment_notification_form.xml
   id        : Payment Notification Form for Bank Transfer
   version   : 1.2
   vqmver    : 2.4.1
   author    : opencartmy@gmail.com

File Name    : catalog/view/theme/*/template/common/footer.tpl(0)
VQModObject::applyMod - SEARCH NOT FOUND (ABORTING MOD): <li><a href="<?php echo $contact; ?>"><?php echo $text_contact; ?></a></li>
----------------------------------------------------------------------


---------- Date: 2014-02-13 03:49:27 ~ IP : 121.123.135.93 ----------
REQUEST URI : /?route=information/media
MOD DETAILS:
   modFile   : /home/webuser/helloworld/htdocs/vqmod/xml/opencartmy_payment_notification_form.xml
   id        : Payment Notification Form for Bank Transfer
   version   : 1.2
   vqmver    : 2.4.1
   author    : opencartmy@gmail.com

File Name    : catalog/view/theme/*/template/common/footer.tpl(0)
VQModObject::applyMod - SEARCH NOT FOUND (ABORTING MOD): <li><a href="<?php echo $contact; ?>"><?php echo $text_contact; ?></a></li>
----------------------------------------------------------------------


---------- Date: 2014-02-13 03:49:31 ~ IP : 121.123.135.93 ----------
REQUEST URI : /
MOD DETAILS:
   modFile   : /home/webuser/helloworld/htdocs/vqmod/xml/opencartmy_payment_notification_form.xml
   id        : Payment Notification Form for Bank Transfer
   version   : 1.2
   vqmver    : 2.4.1
   author    : opencartmy@gmail.com

File Name    : catalog/view/theme/*/template/common/footer.tpl(0)
VQModObject::applyMod - SEARCH NOT FOUND (ABORTING MOD): <li><a href="<?php echo $contact; ?>"><?php echo $text_contact; ?></a></li>
----------------------------------------------------------------------


---------- Date: 2014-02-13 03:49:34 ~ IP : 121.123.135.93 ----------
REQUEST URI : /?route=information/media
MOD DETAILS:
   modFile   : /home/webuser/helloworld/htdocs/vqmod/xml/opencartmy_payment_notification_form.xml
   id        : Payment Notification Form for Bank Transfer
   version   : 1.2
   vqmver    : 2.4.1
   author    : opencartmy@gmail.com

File Name    : catalog/view/theme/*/template/common/footer.tpl(0)
VQModObject::applyMod - SEARCH NOT FOUND (ABORTING MOD): <li><a href="<?php echo $contact; ?>"><?php echo $text_contact; ?></a></li>
----------------------------------------------------------------------


---------- Date: 2014-02-13 03:49:38 ~ IP : 121.123.135.93 ----------
REQUEST URI : /
MOD DETAILS:
   modFile   : /home/webuser/helloworld/htdocs/vqmod/xml/opencartmy_payment_notification_form.xml
   id        : Payment Notification Form for Bank Transfer
   version   : 1.2
   vqmver    : 2.4.1
   author    : opencartmy@gmail.com

File Name    : catalog/view/theme/*/template/common/footer.tpl(0)
VQModObject::applyMod - SEARCH NOT FOUND (ABORTING MOD): <li><a href="<?php echo $contact; ?>"><?php echo $text_contact; ?></a></li>
----------------------------------------------------------------------


---------- Date: 2014-02-13 03:49:42 ~ IP : 121.123.135.93 ----------
REQUEST URI : /?route=information/media
MOD DETAILS:
   modFile   : /home/webuser/helloworld/htdocs/vqmod/xml/opencartmy_payment_notification_form.xml
   id        : Payment Notification Form for Bank Transfer
   version   : 1.2
   vqmver    : 2.4.1
   author    : opencartmy@gmail.com
VQModObject::parseMods - Could not resolve path for [catalog/language/malay/common/footer.php] (SKIPPED)
VQModObject::parseMods - Could not resolve path for [catalog/language/malay/module/information.php] (SKIPPED)
VQModObject::parseMods - Could not resolve path for [catalog/language/malay/checkout/success.php] (SKIPPED)
VQModObject::parseMods - Could not resolve path for [catalog/language/malay/mail/order.php] (SKIPPED)
----------------------------------------------------------------------


---------- Date: 2014-02-13 05:07:12 ~ IP : 121.123.135.93 ----------
REQUEST URI : /index.php?route=product/category&amp;path=59
MOD DETAILS:
   modFile   : /home/webuser/helloworld/htdocs/vqmod/xml/opencartmy_payment_notification_form.xml
   id        : Payment Notification Form for Bank Transfer
   version   : 1.2
   vqmver    : 2.4.1
   author    : opencartmy@gmail.com
VQModObject::parseMods - Could not resolve path for [catalog/language/malay/common/footer.php] (SKIPPED)
VQModObject::parseMods - Could not resolve path for [catalog/language/malay/module/information.php] (SKIPPED)
VQModObject::parseMods - Could not resolve path for [catalog/language/malay/checkout/success.php] (SKIPPED)
VQModObject::parseMods - Could not resolve path for [catalog/language/malay/mail/order.php] (SKIPPED)
----------------------------------------------------------------------


---------- Date: 2014-02-13 05:08:15 ~ IP : 121.123.135.93 ----------
REQUEST URI : /index.php?route=product/category&amp;path=59
MOD DETAILS:
   modFile   : /home/webuser/helloworld/htdocs/vqmod/xml/opencartmy_payment_notification_form.xml
   id        : Payment Notification Form for Bank Transfer
   version   : 1.2
   vqmver    : 2.4.1
   author    : opencartmy@gmail.com
VQModObject::parseMods - Could not resolve path for [catalog/language/malay/common/footer.php] (SKIPPED)
VQModObject::parseMods - Could not resolve path for [catalog/language/malay/module/information.php] (SKIPPED)
VQModObject::parseMods - Could not resolve path for [catalog/language/malay/checkout/success.php] (SKIPPED)
VQModObject::parseMods - Could not resolve path for [catalog/language/malay/mail/order.php] (SKIPPED)
----------------------------------------------------------------------


---------- Date: 2014-02-13 05:13:14 ~ IP : 121.123.135.93 ----------
REQUEST URI : /index.php?route=product/category&amp;path=59
MOD DETAILS:
   modFile   : /home/webuser/helloworld/htdocs/vqmod/xml/opencartmy_payment_notification_form.xml
   id        : Payment Notification Form for Bank Transfer
   version   : 1.2
   vqmver    : 2.4.1
   author    : opencartmy@gmail.com
VQModObject::parseMods - Could not resolve path for [catalog/language/malay/common/footer.php] (SKIPPED)
VQModObject::parseMods - Could not resolve path for [catalog/language/malay/module/information.php] (SKIPPED)
VQModObject::parseMods - Could not resolve path for [catalog/language/malay/checkout/success.php] (SKIPPED)
VQModObject::parseMods - Could not resolve path for [catalog/language/malay/mail/order.php] (SKIPPED)
----------------------------------------------------------------------


---------- Date: 2014-02-13 05:18:09 ~ IP : 121.123.135.93 ----------
REQUEST URI : /index.php?route=product/category&amp;path=59
MOD DETAILS:
   modFile   : /home/webuser/helloworld/htdocs/vqmod/xml/opencartmy_payment_notification_form.xml
   id        : Payment Notification Form for Bank Transfer
   version   : 1.2
   vqmver    : 2.4.1
   author    : opencartmy@gmail.com
VQModObject::parseMods - Could not resolve path for [catalog/language/malay/common/footer.php] (SKIPPED)
VQModObject::parseMods - Could not resolve path for [catalog/language/malay/module/information.php] (SKIPPED)
VQModObject::parseMods - Could not resolve path for [catalog/language/malay/checkout/success.php] (SKIPPED)
VQModObject::parseMods - Could not resolve path for [catalog/language/malay/mail/order.php] (SKIPPED)
----------------------------------------------------------------------


